2021-05-27 11:50:09,664 [1] ERROR EPiServer.Framework.Initialization.InitializationEngine: Initialize action failed for 'Initialize on class EPiServer.Data.DataInitialization, EPiServer.Data, Version=11.20.6.0, Culture=neutral, PublicKeyToken=8fe83dea738b45b7'
System.NotSupportedException: The database schema for 'EPiServer.Marketing.Testing.Web' has not been updated to version '2.0', current database version is '1.0'. Update the database manually by running the cmdlet 'Update-EPiDatabase' in the package manager console or set updateDatabaseSchema="true" on episerver.framework configuration element.
   at EPiServer.Data.SchemaUpdates.Internal.DatabaseSchemaManagerImplementation.ThrowUpdateDatabaseException(String displayName, Version databaseVersion, Version requiredVersion)
   at EPiServer.Data.SchemaUpdates.Internal.DatabaseSchemaManagerImplementation.EnsureDatabaseSchema(DataAccessOptions dataAccessOptions)
   at EPiServer.Data.DataInitialization.ValidateDatabaseSchema(InitializationEngine context)
   at EPiServer.Data.DataInitialization.Initialize(InitializationEngine context)
   at EPiServer.Framework.Initialization.Internal.ModuleNode.<>c__DisplayClass2_0.<Initialize>b__0()
   at EPiServer.Framework.Initialization.Internal.ModuleNode.Execute(Action a, String key)
   at EPiServer.Framework.Initialization.Internal.ModuleNode.Initialize(InitializationEngine context)
   at EPiServer.Framework.Initialization.InitializationEngine.InitializeModules()
System.NotSupportedException: The database schema for 'EPiServer.Marketing.Testing.Web' has not been updated to version '2.0', current database version is '1.0'. Update the database manually by running the cmdlet 'Update-EPiDatabase' in the package manager console or set updateDatabaseSchema="true" on episerver.framework configuration element.
   at EPiServer.Data.SchemaUpdates.Internal.DatabaseSchemaManagerImplementation.ThrowUpdateDatabaseException(String displayName, Version databaseVersion, Version requiredVersion)
   at EPiServer.Data.SchemaUpdates.Internal.DatabaseSchemaManagerImplementation.EnsureDatabaseSchema(DataAccessOptions dataAccessOptions)
   at EPiServer.Data.DataInitialization.ValidateDatabaseSchema(InitializationEngine context)
   at EPiServer.Data.DataInitialization.Initialize(InitializationEngine context)
   at EPiServer.Framework.Initialization.Internal.ModuleNode.<>c__DisplayClass2_0.<Initialize>b__0()
   at EPiServer.Framework.Initialization.Internal.ModuleNode.Execute(Action a, String key)
   at EPiServer.Framework.Initialization.Internal.ModuleNode.Initialize(InitializationEngine context)
   at EPiServer.Framework.Initialization.InitializationEngine.InitializeModules()
2021-05-27 11:56:07,381 [1] ERROR EPiServer.Forms.Helpers.Internal.FormsExtensions: cannot get all types from assembly MySql.Web, Version=8.0.22.0, Culture=neutral, PublicKeyToken=c5687fc88969c44d. 
System.Reflection.ReflectionTypeLoadException: Unable to load one or more of the requested types. Retrieve the LoaderExceptions property for more information.
   at System.Reflection.RuntimeModule.GetTypes(RuntimeModule module)
   at System.Reflection.RuntimeModule.GetTypes()
   at System.Reflection.Assembly.GetTypes()
   at EPiServer.Forms.Helpers.Internal.FormsExtensions.GetTypesFromAssembly(Assembly assembly)
System.Reflection.ReflectionTypeLoadException: Unable to load one or more of the requested types. Retrieve the LoaderExceptions property for more information.
   at System.Reflection.RuntimeModule.GetTypes(RuntimeModule module)
   at System.Reflection.RuntimeModule.GetTypes()
   at System.Reflection.Assembly.GetTypes()
   at EPiServer.Forms.Helpers.Internal.FormsExtensions.GetTypesFromAssembly(Assembly assembly)
2021-05-27 11:56:07,554 [1] ERROR EPiServer.Forms.Helpers.Internal.FormsExtensions: cannot get all types from assembly MySql.Web, Version=8.0.22.0, Culture=neutral, PublicKeyToken=c5687fc88969c44d. 
System.Reflection.ReflectionTypeLoadException: Unable to load one or more of the requested types. Retrieve the LoaderExceptions property for more information.
   at System.Reflection.RuntimeModule.GetTypes(RuntimeModule module)
   at System.Reflection.RuntimeModule.GetTypes()
   at System.Reflection.Assembly.GetTypes()
   at EPiServer.Forms.Helpers.Internal.FormsExtensions.GetTypesFromAssembly(Assembly assembly)
System.Reflection.ReflectionTypeLoadException: Unable to load one or more of the requested types. Retrieve the LoaderExceptions property for more information.
   at System.Reflection.RuntimeModule.GetTypes(RuntimeModule module)
   at System.Reflection.RuntimeModule.GetTypes()
   at System.Reflection.Assembly.GetTypes()
   at EPiServer.Forms.Helpers.Internal.FormsExtensions.GetTypesFromAssembly(Assembly assembly)
2021-05-27 11:56:07,682 [1] ERROR EPiServer.Forms.Helpers.Internal.FormsExtensions: cannot get all types from assembly MySql.Web, Version=8.0.22.0, Culture=neutral, PublicKeyToken=c5687fc88969c44d. 
System.Reflection.ReflectionTypeLoadException: Unable to load one or more of the requested types. Retrieve the LoaderExceptions property for more information.
   at System.Reflection.RuntimeModule.GetTypes(RuntimeModule module)
   at System.Reflection.RuntimeModule.GetTypes()
   at System.Reflection.Assembly.GetTypes()
   at EPiServer.Forms.Helpers.Internal.FormsExtensions.GetTypesFromAssembly(Assembly assembly)
System.Reflection.ReflectionTypeLoadException: Unable to load one or more of the requested types. Retrieve the LoaderExceptions property for more information.
   at System.Reflection.RuntimeModule.GetTypes(RuntimeModule module)
   at System.Reflection.RuntimeModule.GetTypes()
   at System.Reflection.Assembly.GetTypes()
   at EPiServer.Forms.Helpers.Internal.FormsExtensions.GetTypesFromAssembly(Assembly assembly)
2021-05-27 11:56:07,773 [1] ERROR EPiServer.Forms.Helpers.Internal.FormsExtensions: cannot get all types from assembly MySql.Web, Version=8.0.22.0, Culture=neutral, PublicKeyToken=c5687fc88969c44d. 
System.Reflection.ReflectionTypeLoadException: Unable to load one or more of the requested types. Retrieve the LoaderExceptions property for more information.
   at System.Reflection.RuntimeModule.GetTypes(RuntimeModule module)
   at System.Reflection.RuntimeModule.GetTypes()
   at System.Reflection.Assembly.GetTypes()
   at EPiServer.Forms.Helpers.Internal.FormsExtensions.GetTypesFromAssembly(Assembly assembly)
System.Reflection.ReflectionTypeLoadException: Unable to load one or more of the requested types. Retrieve the LoaderExceptions property for more information.
   at System.Reflection.RuntimeModule.GetTypes(RuntimeModule module)
   at System.Reflection.RuntimeModule.GetTypes()
   at System.Reflection.Assembly.GetTypes()
   at EPiServer.Forms.Helpers.Internal.FormsExtensions.GetTypesFromAssembly(Assembly assembly)
2021-05-27 11:56:08,440 [1] ERROR EPiServer.Forms.Helpers.Internal.FormsExtensions: cannot get all types from assembly MySql.Web, Version=8.0.22.0, Culture=neutral, PublicKeyToken=c5687fc88969c44d. 
System.Reflection.ReflectionTypeLoadException: Unable to load one or more of the requested types. Retrieve the LoaderExceptions property for more information.
   at System.Reflection.RuntimeModule.GetTypes(RuntimeModule module)
   at System.Reflection.RuntimeModule.GetTypes()
   at System.Reflection.Assembly.GetTypes()
   at EPiServer.Forms.Helpers.Internal.FormsExtensions.GetTypesFromAssembly(Assembly assembly)
System.Reflection.ReflectionTypeLoadException: Unable to load one or more of the requested types. Retrieve the LoaderExceptions property for more information.
   at System.Reflection.RuntimeModule.GetTypes(RuntimeModule module)
   at System.Reflection.RuntimeModule.GetTypes()
   at System.Reflection.Assembly.GetTypes()
   at EPiServer.Forms.Helpers.Internal.FormsExtensions.GetTypesFromAssembly(Assembly assembly)
2021-05-27 11:57:41,462 [23] ERROR EPiServer.Forms.Helpers.Internal.FormsExtensions: cannot get all types from assembly MySql.Web, Version=8.0.22.0, Culture=neutral, PublicKeyToken=c5687fc88969c44d. 
System.Reflection.ReflectionTypeLoadException: Unable to load one or more of the requested types. Retrieve the LoaderExceptions property for more information.
   at System.Reflection.RuntimeModule.GetTypes(RuntimeModule module)
   at System.Reflection.RuntimeModule.GetTypes()
   at System.Reflection.Assembly.GetTypes()
   at EPiServer.Forms.Helpers.Internal.FormsExtensions.GetTypesFromAssembly(Assembly assembly)
System.Reflection.ReflectionTypeLoadException: Unable to load one or more of the requested types. Retrieve the LoaderExceptions property for more information.
   at System.Reflection.RuntimeModule.GetTypes(RuntimeModule module)
   at System.Reflection.RuntimeModule.GetTypes()
   at System.Reflection.Assembly.GetTypes()
   at EPiServer.Forms.Helpers.Internal.FormsExtensions.GetTypesFromAssembly(Assembly assembly)
2021-05-27 11:57:41,827 [23] ERROR EPiServer.Forms.Helpers.Internal.FormsExtensions: cannot get all types from assembly MySql.Web, Version=8.0.22.0, Culture=neutral, PublicKeyToken=c5687fc88969c44d. 
System.Reflection.ReflectionTypeLoadException: Unable to load one or more of the requested types. Retrieve the LoaderExceptions property for more information.
   at System.Reflection.RuntimeModule.GetTypes(RuntimeModule module)
   at System.Reflection.RuntimeModule.GetTypes()
   at System.Reflection.Assembly.GetTypes()
   at EPiServer.Forms.Helpers.Internal.FormsExtensions.GetTypesFromAssembly(Assembly assembly)
System.Reflection.ReflectionTypeLoadException: Unable to load one or more of the requested types. Retrieve the LoaderExceptions property for more information.
   at System.Reflection.RuntimeModule.GetTypes(RuntimeModule module)
   at System.Reflection.RuntimeModule.GetTypes()
   at System.Reflection.Assembly.GetTypes()
   at EPiServer.Forms.Helpers.Internal.FormsExtensions.GetTypesFromAssembly(Assembly assembly)
2021-05-27 12:09:26,979 [1] ERROR EPiServer.Forms.Helpers.Internal.FormsExtensions: cannot get all types from assembly MySql.Web, Version=8.0.22.0, Culture=neutral, PublicKeyToken=c5687fc88969c44d. 
System.Reflection.ReflectionTypeLoadException: Unable to load one or more of the requested types. Retrieve the LoaderExceptions property for more information.
   at System.Reflection.RuntimeModule.GetTypes(RuntimeModule module)
   at System.Reflection.RuntimeModule.GetTypes()
   at System.Reflection.Assembly.GetTypes()
   at EPiServer.Forms.Helpers.Internal.FormsExtensions.GetTypesFromAssembly(Assembly assembly)
System.Reflection.ReflectionTypeLoadException: Unable to load one or more of the requested types. Retrieve the LoaderExceptions property for more information.
   at System.Reflection.RuntimeModule.GetTypes(RuntimeModule module)
   at System.Reflection.RuntimeModule.GetTypes()
   at System.Reflection.Assembly.GetTypes()
   at EPiServer.Forms.Helpers.Internal.FormsExtensions.GetTypesFromAssembly(Assembly assembly)
2021-05-27 12:09:27,115 [1] ERROR EPiServer.Forms.Helpers.Internal.FormsExtensions: cannot get all types from assembly MySql.Web, Version=8.0.22.0, Culture=neutral, PublicKeyToken=c5687fc88969c44d. 
System.Reflection.ReflectionTypeLoadException: Unable to load one or more of the requested types. Retrieve the LoaderExceptions property for more information.
   at System.Reflection.RuntimeModule.GetTypes(RuntimeModule module)
   at System.Reflection.RuntimeModule.GetTypes()
   at System.Reflection.Assembly.GetTypes()
   at EPiServer.Forms.Helpers.Internal.FormsExtensions.GetTypesFromAssembly(Assembly assembly)
System.Reflection.ReflectionTypeLoadException: Unable to load one or more of the requested types. Retrieve the LoaderExceptions property for more information.
   at System.Reflection.RuntimeModule.GetTypes(RuntimeModule module)
   at System.Reflection.RuntimeModule.GetTypes()
   at System.Reflection.Assembly.GetTypes()
   at EPiServer.Forms.Helpers.Internal.FormsExtensions.GetTypesFromAssembly(Assembly assembly)
2021-05-27 12:09:27,289 [1] ERROR EPiServer.Forms.Helpers.Internal.FormsExtensions: cannot get all types from assembly MySql.Web, Version=8.0.22.0, Culture=neutral, PublicKeyToken=c5687fc88969c44d. 
System.Reflection.ReflectionTypeLoadException: Unable to load one or more of the requested types. Retrieve the LoaderExceptions property for more information.
   at System.Reflection.RuntimeModule.GetTypes(RuntimeModule module)
   at System.Reflection.RuntimeModule.GetTypes()
   at System.Reflection.Assembly.GetTypes()
   at EPiServer.Forms.Helpers.Internal.FormsExtensions.GetTypesFromAssembly(Assembly assembly)
System.Reflection.ReflectionTypeLoadException: Unable to load one or more of the requested types. Retrieve the LoaderExceptions property for more information.
   at System.Reflection.RuntimeModule.GetTypes(RuntimeModule module)
   at System.Reflection.RuntimeModule.GetTypes()
   at System.Reflection.Assembly.GetTypes()
   at EPiServer.Forms.Helpers.Internal.FormsExtensions.GetTypesFromAssembly(Assembly assembly)
2021-05-27 12:09:27,417 [1] ERROR EPiServer.Forms.Helpers.Internal.FormsExtensions: cannot get all types from assembly MySql.Web, Version=8.0.22.0, Culture=neutral, PublicKeyToken=c5687fc88969c44d. 
System.Reflection.ReflectionTypeLoadException: Unable to load one or more of the requested types. Retrieve the LoaderExceptions property for more information.
   at System.Reflection.RuntimeModule.GetTypes(RuntimeModule module)
   at System.Reflection.RuntimeModule.GetTypes()
   at System.Reflection.Assembly.GetTypes()
   at EPiServer.Forms.Helpers.Internal.FormsExtensions.GetTypesFromAssembly(Assembly assembly)
System.Reflection.ReflectionTypeLoadException: Unable to load one or more of the requested types. Retrieve the LoaderExceptions property for more information.
   at System.Reflection.RuntimeModule.GetTypes(RuntimeModule module)
   at System.Reflection.RuntimeModule.GetTypes()
   at System.Reflection.Assembly.GetTypes()
   at EPiServer.Forms.Helpers.Internal.FormsExtensions.GetTypesFromAssembly(Assembly assembly)
2021-05-27 12:09:28,273 [1] ERROR EPiServer.Forms.Helpers.Internal.FormsExtensions: cannot get all types from assembly MySql.Web, Version=8.0.22.0, Culture=neutral, PublicKeyToken=c5687fc88969c44d. 
System.Reflection.ReflectionTypeLoadException: Unable to load one or more of the requested types. Retrieve the LoaderExceptions property for more information.
   at System.Reflection.RuntimeModule.GetTypes(RuntimeModule module)
   at System.Reflection.RuntimeModule.GetTypes()
   at System.Reflection.Assembly.GetTypes()
   at EPiServer.Forms.Helpers.Internal.FormsExtensions.GetTypesFromAssembly(Assembly assembly)
System.Reflection.ReflectionTypeLoadException: Unable to load one or more of the requested types. Retrieve the LoaderExceptions property for more information.
   at System.Reflection.RuntimeModule.GetTypes(RuntimeModule module)
   at System.Reflection.RuntimeModule.GetTypes()
   at System.Reflection.Assembly.GetTypes()
   at EPiServer.Forms.Helpers.Internal.FormsExtensions.GetTypesFromAssembly(Assembly assembly)
2021-05-27 12:10:03,905 [18] ERROR EPiServer.Forms.Helpers.Internal.FormsExtensions: cannot get all types from assembly MySql.Web, Version=8.0.22.0, Culture=neutral, PublicKeyToken=c5687fc88969c44d. 
System.Reflection.ReflectionTypeLoadException: Unable to load one or more of the requested types. Retrieve the LoaderExceptions property for more information.
   at System.Reflection.RuntimeModule.GetTypes(RuntimeModule module)
   at System.Reflection.RuntimeModule.GetTypes()
   at System.Reflection.Assembly.GetTypes()
   at EPiServer.Forms.Helpers.Internal.FormsExtensions.GetTypesFromAssembly(Assembly assembly)
System.Reflection.ReflectionTypeLoadException: Unable to load one or more of the requested types. Retrieve the LoaderExceptions property for more information.
   at System.Reflection.RuntimeModule.GetTypes(RuntimeModule module)
   at System.Reflection.RuntimeModule.GetTypes()
   at System.Reflection.Assembly.GetTypes()
   at EPiServer.Forms.Helpers.Internal.FormsExtensions.GetTypesFromAssembly(Assembly assembly)
2021-05-27 12:10:04,245 [18] ERROR EPiServer.Forms.Helpers.Internal.FormsExtensions: cannot get all types from assembly MySql.Web, Version=8.0.22.0, Culture=neutral, PublicKeyToken=c5687fc88969c44d. 
System.Reflection.ReflectionTypeLoadException: Unable to load one or more of the requested types. Retrieve the LoaderExceptions property for more information.
   at System.Reflection.RuntimeModule.GetTypes(RuntimeModule module)
   at System.Reflection.RuntimeModule.GetTypes()
   at System.Reflection.Assembly.GetTypes()
   at EPiServer.Forms.Helpers.Internal.FormsExtensions.GetTypesFromAssembly(Assembly assembly)
System.Reflection.ReflectionTypeLoadException: Unable to load one or more of the requested types. Retrieve the LoaderExceptions property for more information.
   at System.Reflection.RuntimeModule.GetTypes(RuntimeModule module)
   at System.Reflection.RuntimeModule.GetTypes()
   at System.Reflection.Assembly.GetTypes()
   at EPiServer.Forms.Helpers.Internal.FormsExtensions.GetTypesFromAssembly(Assembly assembly)
2021-05-27 12:26:32,300 [1] ERROR EPiServer.Forms.Helpers.Internal.FormsExtensions: cannot get all types from assembly MySql.Web, Version=8.0.22.0, Culture=neutral, PublicKeyToken=c5687fc88969c44d. 
System.Reflection.ReflectionTypeLoadException: Unable to load one or more of the requested types. Retrieve the LoaderExceptions property for more information.
   at System.Reflection.RuntimeModule.GetTypes(RuntimeModule module)
   at System.Reflection.RuntimeModule.GetTypes()
   at System.Reflection.Assembly.GetTypes()
   at EPiServer.Forms.Helpers.Internal.FormsExtensions.GetTypesFromAssembly(Assembly assembly)
System.Reflection.ReflectionTypeLoadException: Unable to load one or more of the requested types. Retrieve the LoaderExceptions property for more information.
   at System.Reflection.RuntimeModule.GetTypes(RuntimeModule module)
   at System.Reflection.RuntimeModule.GetTypes()
   at System.Reflection.Assembly.GetTypes()
   at EPiServer.Forms.Helpers.Internal.FormsExtensions.GetTypesFromAssembly(Assembly assembly)
2021-05-27 12:26:32,424 [1] ERROR EPiServer.Forms.Helpers.Internal.FormsExtensions: cannot get all types from assembly MySql.Web, Version=8.0.22.0, Culture=neutral, PublicKeyToken=c5687fc88969c44d. 
System.Reflection.ReflectionTypeLoadException: Unable to load one or more of the requested types. Retrieve the LoaderExceptions property for more information.
   at System.Reflection.RuntimeModule.GetTypes(RuntimeModule module)
   at System.Reflection.RuntimeModule.GetTypes()
   at System.Reflection.Assembly.GetTypes()
   at EPiServer.Forms.Helpers.Internal.FormsExtensions.GetTypesFromAssembly(Assembly assembly)
System.Reflection.ReflectionTypeLoadException: Unable to load one or more of the requested types. Retrieve the LoaderExceptions property for more information.
   at System.Reflection.RuntimeModule.GetTypes(RuntimeModule module)
   at System.Reflection.RuntimeModule.GetTypes()
   at System.Reflection.Assembly.GetTypes()
   at EPiServer.Forms.Helpers.Internal.FormsExtensions.GetTypesFromAssembly(Assembly assembly)
2021-05-27 12:26:32,537 [1] ERROR EPiServer.Forms.Helpers.Internal.FormsExtensions: cannot get all types from assembly MySql.Web, Version=8.0.22.0, Culture=neutral, PublicKeyToken=c5687fc88969c44d. 
System.Reflection.ReflectionTypeLoadException: Unable to load one or more of the requested types. Retrieve the LoaderExceptions property for more information.
   at System.Reflection.RuntimeModule.GetTypes(RuntimeModule module)
   at System.Reflection.RuntimeModule.GetTypes()
   at System.Reflection.Assembly.GetTypes()
   at EPiServer.Forms.Helpers.Internal.FormsExtensions.GetTypesFromAssembly(Assembly assembly)
System.Reflection.ReflectionTypeLoadException: Unable to load one or more of the requested types. Retrieve the LoaderExceptions property for more information.
   at System.Reflection.RuntimeModule.GetTypes(RuntimeModule module)
   at System.Reflection.RuntimeModule.GetTypes()
   at System.Reflection.Assembly.GetTypes()
   at EPiServer.Forms.Helpers.Internal.FormsExtensions.GetTypesFromAssembly(Assembly assembly)
2021-05-27 12:26:32,664 [1] ERROR EPiServer.Forms.Helpers.Internal.FormsExtensions: cannot get all types from assembly MySql.Web, Version=8.0.22.0, Culture=neutral, PublicKeyToken=c5687fc88969c44d. 
System.Reflection.ReflectionTypeLoadException: Unable to load one or more of the requested types. Retrieve the LoaderExceptions property for more information.
   at System.Reflection.RuntimeModule.GetTypes(RuntimeModule module)
   at System.Reflection.RuntimeModule.GetTypes()
   at System.Reflection.Assembly.GetTypes()
   at EPiServer.Forms.Helpers.Internal.FormsExtensions.GetTypesFromAssembly(Assembly assembly)
System.Reflection.ReflectionTypeLoadException: Unable to load one or more of the requested types. Retrieve the LoaderExceptions property for more information.
   at System.Reflection.RuntimeModule.GetTypes(RuntimeModule module)
   at System.Reflection.RuntimeModule.GetTypes()
   at System.Reflection.Assembly.GetTypes()
   at EPiServer.Forms.Helpers.Internal.FormsExtensions.GetTypesFromAssembly(Assembly assembly)
2021-05-27 12:26:33,346 [1] ERROR EPiServer.Forms.Helpers.Internal.FormsExtensions: cannot get all types from assembly MySql.Web, Version=8.0.22.0, Culture=neutral, PublicKeyToken=c5687fc88969c44d. 
System.Reflection.ReflectionTypeLoadException: Unable to load one or more of the requested types. Retrieve the LoaderExceptions property for more information.
   at System.Reflection.RuntimeModule.GetTypes(RuntimeModule module)
   at System.Reflection.RuntimeModule.GetTypes()
   at System.Reflection.Assembly.GetTypes()
   at EPiServer.Forms.Helpers.Internal.FormsExtensions.GetTypesFromAssembly(Assembly assembly)
System.Reflection.ReflectionTypeLoadException: Unable to load one or more of the requested types. Retrieve the LoaderExceptions property for more information.
   at System.Reflection.RuntimeModule.GetTypes(RuntimeModule module)
   at System.Reflection.RuntimeModule.GetTypes()
   at System.Reflection.Assembly.GetTypes()
   at EPiServer.Forms.Helpers.Internal.FormsExtensions.GetTypesFromAssembly(Assembly assembly)
2021-05-27 12:27:29,794 [8] ERROR EPiServer.Forms.Helpers.Internal.FormsExtensions: cannot get all types from assembly MySql.Web, Version=8.0.22.0, Culture=neutral, PublicKeyToken=c5687fc88969c44d. 
System.Reflection.ReflectionTypeLoadException: Unable to load one or more of the requested types. Retrieve the LoaderExceptions property for more information.
   at System.Reflection.RuntimeModule.GetTypes(RuntimeModule module)
   at System.Reflection.RuntimeModule.GetTypes()
   at System.Reflection.Assembly.GetTypes()
   at EPiServer.Forms.Helpers.Internal.FormsExtensions.GetTypesFromAssembly(Assembly assembly)
System.Reflection.ReflectionTypeLoadException: Unable to load one or more of the requested types. Retrieve the LoaderExceptions property for more information.
   at System.Reflection.RuntimeModule.GetTypes(RuntimeModule module)
   at System.Reflection.RuntimeModule.GetTypes()
   at System.Reflection.Assembly.GetTypes()
   at EPiServer.Forms.Helpers.Internal.FormsExtensions.GetTypesFromAssembly(Assembly assembly)
2021-05-27 12:27:30,249 [8] ERROR EPiServer.Forms.Helpers.Internal.FormsExtensions: cannot get all types from assembly MySql.Web, Version=8.0.22.0, Culture=neutral, PublicKeyToken=c5687fc88969c44d. 
System.Reflection.ReflectionTypeLoadException: Unable to load one or more of the requested types. Retrieve the LoaderExceptions property for more information.
   at System.Reflection.RuntimeModule.GetTypes(RuntimeModule module)
   at System.Reflection.RuntimeModule.GetTypes()
   at System.Reflection.Assembly.GetTypes()
   at EPiServer.Forms.Helpers.Internal.FormsExtensions.GetTypesFromAssembly(Assembly assembly)
System.Reflection.ReflectionTypeLoadException: Unable to load one or more of the requested types. Retrieve the LoaderExceptions property for more information.
   at System.Reflection.RuntimeModule.GetTypes(RuntimeModule module)
   at System.Reflection.RuntimeModule.GetTypes()
   at System.Reflection.Assembly.GetTypes()
   at EPiServer.Forms.Helpers.Internal.FormsExtensions.GetTypesFromAssembly(Assembly assembly)
2021-05-27 12:47:41,592 [1] ERROR EPiServer.Forms.Helpers.Internal.FormsExtensions: cannot get all types from assembly MySql.Web, Version=8.0.22.0, Culture=neutral, PublicKeyToken=c5687fc88969c44d. 
System.Reflection.ReflectionTypeLoadException: Unable to load one or more of the requested types. Retrieve the LoaderExceptions property for more information.
   at System.Reflection.RuntimeModule.GetTypes(RuntimeModule module)
   at System.Reflection.RuntimeModule.GetTypes()
   at System.Reflection.Assembly.GetTypes()
   at EPiServer.Forms.Helpers.Internal.FormsExtensions.GetTypesFromAssembly(Assembly assembly)
System.Reflection.ReflectionTypeLoadException: Unable to load one or more of the requested types. Retrieve the LoaderExceptions property for more information.
   at System.Reflection.RuntimeModule.GetTypes(RuntimeModule module)
   at System.Reflection.RuntimeModule.GetTypes()
   at System.Reflection.Assembly.GetTypes()
   at EPiServer.Forms.Helpers.Internal.FormsExtensions.GetTypesFromAssembly(Assembly assembly)
2021-05-27 12:47:41,715 [1] ERROR EPiServer.Forms.Helpers.Internal.FormsExtensions: cannot get all types from assembly MySql.Web, Version=8.0.22.0, Culture=neutral, PublicKeyToken=c5687fc88969c44d. 
System.Reflection.ReflectionTypeLoadException: Unable to load one or more of the requested types. Retrieve the LoaderExceptions property for more information.
   at System.Reflection.RuntimeModule.GetTypes(RuntimeModule module)
   at System.Reflection.RuntimeModule.GetTypes()
   at System.Reflection.Assembly.GetTypes()
   at EPiServer.Forms.Helpers.Internal.FormsExtensions.GetTypesFromAssembly(Assembly assembly)
System.Reflection.ReflectionTypeLoadException: Unable to load one or more of the requested types. Retrieve the LoaderExceptions property for more information.
   at System.Reflection.RuntimeModule.GetTypes(RuntimeModule module)
   at System.Reflection.RuntimeModule.GetTypes()
   at System.Reflection.Assembly.GetTypes()
   at EPiServer.Forms.Helpers.Internal.FormsExtensions.GetTypesFromAssembly(Assembly assembly)
2021-05-27 12:47:41,830 [1] ERROR EPiServer.Forms.Helpers.Internal.FormsExtensions: cannot get all types from assembly MySql.Web, Version=8.0.22.0, Culture=neutral, PublicKeyToken=c5687fc88969c44d. 
System.Reflection.ReflectionTypeLoadException: Unable to load one or more of the requested types. Retrieve the LoaderExceptions property for more information.
   at System.Reflection.RuntimeModule.GetTypes(RuntimeModule module)
   at System.Reflection.RuntimeModule.GetTypes()
   at System.Reflection.Assembly.GetTypes()
   at EPiServer.Forms.Helpers.Internal.FormsExtensions.GetTypesFromAssembly(Assembly assembly)
System.Reflection.ReflectionTypeLoadException: Unable to load one or more of the requested types. Retrieve the LoaderExceptions property for more information.
   at System.Reflection.RuntimeModule.GetTypes(RuntimeModule module)
   at System.Reflection.RuntimeModule.GetTypes()
   at System.Reflection.Assembly.GetTypes()
   at EPiServer.Forms.Helpers.Internal.FormsExtensions.GetTypesFromAssembly(Assembly assembly)
2021-05-27 12:47:41,901 [1] ERROR EPiServer.Forms.Helpers.Internal.FormsExtensions: cannot get all types from assembly MySql.Web, Version=8.0.22.0, Culture=neutral, PublicKeyToken=c5687fc88969c44d. 
System.Reflection.ReflectionTypeLoadException: Unable to load one or more of the requested types. Retrieve the LoaderExceptions property for more information.
   at System.Reflection.RuntimeModule.GetTypes(RuntimeModule module)
   at System.Reflection.RuntimeModule.GetTypes()
   at System.Reflection.Assembly.GetTypes()
   at EPiServer.Forms.Helpers.Internal.FormsExtensions.GetTypesFromAssembly(Assembly assembly)
System.Reflection.ReflectionTypeLoadException: Unable to load one or more of the requested types. Retrieve the LoaderExceptions property for more information.
   at System.Reflection.RuntimeModule.GetTypes(RuntimeModule module)
   at System.Reflection.RuntimeModule.GetTypes()
   at System.Reflection.Assembly.GetTypes()
   at EPiServer.Forms.Helpers.Internal.FormsExtensions.GetTypesFromAssembly(Assembly assembly)
2021-05-27 12:47:42,442 [1] ERROR EPiServer.Forms.Helpers.Internal.FormsExtensions: cannot get all types from assembly MySql.Web, Version=8.0.22.0, Culture=neutral, PublicKeyToken=c5687fc88969c44d. 
System.Reflection.ReflectionTypeLoadException: Unable to load one or more of the requested types. Retrieve the LoaderExceptions property for more information.
   at System.Reflection.RuntimeModule.GetTypes(RuntimeModule module)
   at System.Reflection.RuntimeModule.GetTypes()
   at System.Reflection.Assembly.GetTypes()
   at EPiServer.Forms.Helpers.Internal.FormsExtensions.GetTypesFromAssembly(Assembly assembly)
System.Reflection.ReflectionTypeLoadException: Unable to load one or more of the requested types. Retrieve the LoaderExceptions property for more information.
   at System.Reflection.RuntimeModule.GetTypes(RuntimeModule module)
   at System.Reflection.RuntimeModule.GetTypes()
   at System.Reflection.Assembly.GetTypes()
   at EPiServer.Forms.Helpers.Internal.FormsExtensions.GetTypesFromAssembly(Assembly assembly)
